<?xml version="1.0" encoding="UTF-8"?>
<testsuite name="ComputerRepairRequestTest" tests="2" skipped="0" failures="0" errors="0" timestamp="2025-03-04T06:34:22" hostname="TEOJR" time="0.042">
  <properties/>
  <testcase name="First Test" classname="ComputerRepairRequestTest" time="0.035"/>
  <testcase name="Test Exemplu" classname="ComputerRepairRequestTest" time="0.004"/>
  <system-out><![CDATA[]]></system-out>
  <system-err><![CDATA[]]></system-err>
</testsuite>
